<?xml version="1.0" encoding="UTF-8" standalone="yes"?>
<project id="sdfaewf">
    <name>Test_2</name>
    <requirements>
        <requirement id="A5">
            <tags/>
            <tasks>
                <task id="813666e7">
                    <status>Waiting</status>
                    <title>a</title>
                </task>
            </tasks>
            <title>AAD</title>
        </requirement>
        <requirement id="AAA">
            <tags/>
            <tasks>
                <task id="a89216fc">
                    <status>Draft</status>
                    <title>s</title>
                </task>
            </tasks>
            <title>AAC</title>
        </requirement>
        <requirement id="a3aca29">
            <description>&lt;p&gt;ttt&lt;/p&gt;</description>
            <tags>
                <tag id="6ae4dc0d" refId="b7c0cd82"></tag>
                <tag id="9addb9d6" refId="fbb6855e"></tag>
            </tags>
            <tasks>
                <task id="9911d292">
                    <status>Draft</status>
                    <title>d</title>
                </task>
            </tasks>
            <title>AAB</title>
        </requirement>
        <requirement id="343d904">
            <tags>
                <tag id="e4d14d38" refId="b7c0cd82"/>
                <tag id="664d586b" refId="b1df1623"/>
                <tag id="2442d8a5" refId="fbb6855e"/>
            </tags>
            <tasks>
                <task id="9bd21651">
                    <status>Draft</status>
                    <title>ljlkj</title>
                </task>
            </tasks>
            <title>AAA</title>
        </requirement>
        <requirement id="A3">
            <tags/>
            <tasks>
                <task id="69af2226">
                    <status>Draft</status>
                    <title>erg</title>
                </task>
            </tasks>
            <title>AAE</title>
        </requirement>
    </requirements>
    <tagDefs>
        <tag color="#1dfa00" id="b7c0cd82">AAA</tag>
        <tag color="#00b7fa" id="b1df1623">BBB</tag>
        <tag color="#f781ff" id="fbb6855e">CCC</tag>
        <tag color="#cb9dfd" id="93e6942e">DDD</tag>
        <tag color="#fdab53" id="5cb6097c">EEE</tag>
    </tagDefs>
</project>
