<?xml version="1.0" encoding="UTF-8" standalone="yes"?>
<project id="ghtrvvd3">
    <name>Test1</name>
    <requirements>
        <requirement id="A5">
            <description>&lt;p&gt;Do some AADs&lt;/p&gt;</description>
            <tasks>
                <task id="774f9526">
                    <title>Produce AAD</title>
                </task>
            </tasks>
            <title>AAD</title>
        </requirement>
        <requirement id="A1">
            <title>AAA</title>
        </requirement>
        <requirement id="A2">
            <title>AAB</title>
        </requirement>
        <requirement id="343d904">
            <title>fff</title>
        </requirement>
        <requirement id="A3">
            <description>&lt;p&gt;Potrebno izdelati podvozje, kamor se namestijo amortizerji in kolesa.&lt;/p&gt;&lt;p&gt;&lt;br /&gt;&lt;/p&gt;&lt;p&gt;Avto mora imeti &lt;strong&gt;4&lt;/strong&gt; kolesa.&lt;/p&gt;&lt;p&gt;&lt;br /&gt;&lt;/p&gt;&lt;p&gt;&lt;br /&gt;&lt;/p&gt;</description>
            <tasks>
                <task id="5abdd6b7">
                    <title>Izdelati ogrodje</title>
                </task>
                <task id="ecfa1e76">
                    <title>Pritrditi amortizerje</title>
                </task>
                <task id="87ce45c4">
                    <title>Pritrditi kolesa</title>
                </task>
                <task id="fd6357f9">
                    <title>Naroƒçi 4 pnevmatike</title>
                </task>
                <task id="df65bde3">
                    <title>Napisati dokument</title>
                </task>
            </tasks>
            <title>AAC</title>
        </requirement>
    </requirements>
</project>
