<?xml version="1.0" encoding="UTF-8" standalone="yes"?>
<project id="sdfaewf">
    <links/>
    <meetingHistory/>
    <meetingTemplates/>
    <members/>
    <name>Test_2</name>
    <planningChecklist/>
    <requirements>
        <requirement created="2024-02-21T20:17:13.161+01:00" id="A5">
            <comments/>
            <group>undefined</group>
            <issues/>
            <itcmLink>
                <href>-</href>
            </itcmLink>
            <rrcLink>
                <href>-</href>
            </rrcLink>
            <tags/>
            <tasks>
                <task created="2024-02-21T20:17:13.161+01:00" id="813666e7" lastModified="2024-02-21T20:17:13.161+01:00">
                    <assignee/>
                    <status>Waiting</status>
                    <title>a</title>
                </task>
            </tasks>
            <title>AAD</title>
        </requirement>
        <requirement created="2024-02-21T20:17:13.162+01:00" id="AAA">
            <comments/>
            <group>undefined</group>
            <issues/>
            <itcmLink>
                <href>-</href>
            </itcmLink>
            <rrcLink>
                <href>-</href>
            </rrcLink>
            <tags/>
            <tasks>
                <task created="2024-02-21T20:17:13.162+01:00" id="a89216fc" lastModified="2024-02-21T20:17:13.162+01:00">
                    <assignee/>
                    <status>Draft</status>
                    <title>s</title>
                </task>
            </tasks>
            <title>AAC</title>
        </requirement>
        <requirement created="2024-02-21T20:17:13.162+01:00" id="a3aca29">
            <comments/>
            <description>&lt;p&gt;ttt&lt;/p&gt;</description>
            <group>undefined</group>
            <issues/>
            <itcmLink>
                <href>-</href>
            </itcmLink>
            <rrcLink>
                <href>-</href>
            </rrcLink>
            <tags>
                <tag id="6ae4dc0d" refId="b7c0cd82"></tag>
                <tag id="9addb9d6" refId="fbb6855e"></tag>
            </tags>
            <tasks>
                <task created="2024-02-21T20:17:13.162+01:00" id="9911d292" lastModified="2024-02-21T20:17:13.162+01:00">
                    <assignee/>
                    <status>Draft</status>
                    <title>d</title>
                </task>
            </tasks>
            <title>AAB</title>
        </requirement>
        <requirement created="2024-02-21T20:17:13.162+01:00" id="343d904">
            <comments/>
            <group>undefined</group>
            <issues/>
            <itcmLink>
                <href>-</href>
            </itcmLink>
            <rrcLink>
                <href>-</href>
            </rrcLink>
            <tags>
                <tag id="e4d14d38" refId="b7c0cd82"></tag>
                <tag id="664d586b" refId="b1df1623"></tag>
                <tag id="2442d8a5" refId="fbb6855e"></tag>
            </tags>
            <tasks>
                <task created="2024-02-21T20:17:13.162+01:00" id="9bd21651" lastModified="2024-02-21T20:17:13.162+01:00">
                    <assignee/>
                    <status>Draft</status>
                    <title>ljlkj</title>
                </task>
            </tasks>
            <title>AAA</title>
        </requirement>
        <requirement created="2024-02-21T20:17:13.162+01:00" id="A3">
            <comments/>
            <group>undefined</group>
            <issues/>
            <itcmLink>
                <href>-</href>
            </itcmLink>
            <rrcLink>
                <href>-</href>
            </rrcLink>
            <tags/>
            <tasks>
                <task created="2024-02-21T20:17:13.162+01:00" id="69af2226" lastModified="2024-02-21T20:17:13.162+01:00">
                    <assignee/>
                    <status>Draft</status>
                    <title>erg</title>
                </task>
            </tasks>
            <title>AAE</title>
        </requirement>
    </requirements>
    <state>Hidden</state>
    <tagDefs>
        <tag color="#1dfa00" id="b7c0cd82">AAA</tag>
        <tag color="#00b7fa" id="b1df1623">BBB</tag>
        <tag color="#f781ff" id="fbb6855e">CCC</tag>
        <tag color="#cb9dfd" id="93e6942e">DDD</tag>
        <tag color="#fdab53" id="5cb6097c">EEE</tag>
    </tagDefs>
</project>
